<?xml version="1.0" encoding="UTF-8"?>
<testsuite xmlns:xsi="http://www.w3.org/2001/XMLSchema-instance" xsi:noNamespaceSchemaLocation="https://maven.apache.org/surefire/maven-surefire-plugin/xsd/surefire-test-report-3.0.xsd" version="3.0" name="Menu.V3.testsUnitaires.TestCommande" time="0.089" tests="1" errors="0" skipped="0" failures="0">
  <properties>
[...]
</properties>
  <testcase name="testCreerCommande" classname="Menu.V3.testsUnitaires.TestCommande" time="0.078">
    <system-out><![CDATA[
######################################################################
##                   TEST CREATION D'UNE COMMANDE                   ##
##                                                                  ##
######################################################################
Test de création d'une commande : réussi

]]></system-out>
  </testcase>
</testsuite>